# JRE version: OpenJDK Runtime Environment (8.0_242-b01) (build 1.8.0_242-release-1644-b01)
# Java VM: OpenJDK 64-Bit Server VM (25.242-b01 mixed mode windows-amd64 compressed oops)
Heap:
 PSYoungGen      total 524800K, used 20621K [0x00000000d5580000, 0x00000000fec80000, 0x0000000100000000)
  eden space 388096K, 0% used [0x00000000d5580000,0x00000000d5580000,0x00000000ed080000)
  from space 136704K, 15% used [0x00000000f6700000,0x00000000f7b23670,0x00000000fec80000)
  to   space 145408K, 0% used [0x00000000ed080000,0x00000000ed080000,0x00000000f5e80000)
 ParOldGen       total 375808K, used 212617K [0x0000000080000000, 0x0000000096f00000, 0x00000000d5580000)
  object space 375808K, 56% used [0x0000000080000000,0x000000008cfa2418,0x0000000096f00000)
 Metaspace       used 420009K, capacity 431526K, committed 432256K, reserved 1429504K
  class space    used 51172K, capacity 53092K, committed 53168K, reserved 1048576K
GC Heap History (10 events):
Event: 18796.631 GC heap after
Heap after GC invocations=80 (full 6):
 PSYoungGen      total 521216K, used 14351K [0x00000000d5580000, 0x00000000ff600000, 0x0000000100000000)
  eden space 361984K, 0% used [0x00000000d5580000,0x00000000d5580000,0x00000000eb700000)
  from space 159232K, 9% used [0x00000000f5a80000,0x00000000f6883cd8,0x00000000ff600000)
  to   space 163328K, 0% used [0x00000000eb700000,0x00000000eb700000,0x00000000f5680000)
 ParOldGen       total 375808K, used 189870K [0x0000000080000000, 0x0000000096f00000, 0x00000000d5580000)
  object space 375808K, 50% used [0x0000000080000000,0x000000008b96bb78,0x0000000096f00000)
 Metaspace       used 405881K, capacity 417256K, committed 418072K, reserved 1415168K
  class space    used 49557K, capacity 51453K, committed 51504K, reserved 1048576K
}
Event: 18859.032 GC heap before
{Heap before GC invocations=81 (full 6):
 PSYoungGen      total 521216K, used 376335K [0x00000000d5580000, 0x00000000ff600000, 0x0000000100000000)
  eden space 361984K, 100% used [0x00000000d5580000,0x00000000eb700000,0x00000000eb700000)
  from space 159232K, 9% used [0x00000000f5a80000,0x00000000f6883cd8,0x00000000ff600000)
  to   space 163328K, 0% used [0x00000000eb700000,0x00000000eb700000,0x00000000f5680000)
 ParOldGen       total 375808K, used 189870K [0x0000000080000000, 0x0000000096f00000, 0x00000000d5580000)
  object space 375808K, 50% used [0x0000000080000000,0x000000008b96bb78,0x0000000096f00000)
 Metaspace       used 413667K, capacity 425078K, committed 425880K, reserved 1423360K
  class space    used 50433K, capacity 52358K, committed 52400K, reserved 1048576K
Event: 18859.088 GC heap after
Heap after GC invocations=81 (full 6):
 PSYoungGen      total 525312K, used 75156K [0x00000000d5580000, 0x0000000100000000, 0x0000000100000000)
  eden space 361984K, 0% used [0x00000000d5580000,0x00000000d5580000,0x00000000eb700000)
  from space 163328K, 46% used [0x00000000eb700000,0x00000000f0065228,0x00000000f5680000)
  to   space 162304K, 0% used [0x00000000f6180000,0x00000000f6180000,0x0000000100000000)
 ParOldGen       total 375808K, used 191311K [0x0000000080000000, 0x0000000096f00000, 0x00000000d5580000)
  object space 375808K, 50% used [0x0000000080000000,0x000000008bad3c08,0x0000000096f00000)
 Metaspace       used 413667K, capacity 425078K, committed 425880K, reserved 1423360K
  class space    used 50433K, capacity 52358K, committed 52400K, reserved 1048576K
}
Event: 18860.675 GC heap before
{Heap before GC invocations=82 (full 6):
 PSYoungGen      total 525312K, used 437140K [0x00000000d5580000, 0x0000000100000000, 0x0000000100000000)
  eden space 361984K, 100% used [0x00000000d5580000,0x00000000eb700000,0x00000000eb700000)
  from space 163328K, 46% used [0x00000000eb700000,0x00000000f0065228,0x00000000f5680000)
  to   space 162304K, 0% used [0x00000000f6180000,0x00000000f6180000,0x0000000100000000)
 ParOldGen       total 375808K, used 191311K [0x0000000080000000, 0x0000000096f00000, 0x00000000d5580000)
  object space 375808K, 50% used [0x0000000080000000,0x000000008bad3c08,0x0000000096f00000)
 Metaspace       used 417009K, capacity 428534K, committed 429464K, reserved 1425408K
  class space    used 50886K, capacity 52796K, committed 52912K, reserved 1048576K
Event: 18860.730 GC heap after
Heap after GC invocations=82 (full 6):
 PSYoungGen      total 525312K, used 10698K [0x00000000d5580000, 0x00000000ff600000, 0x0000000100000000)
  eden space 373248K, 0% used [0x00000000d5580000,0x00000000d5580000,0x00000000ec200000)
  from space 152064K, 7% used [0x00000000f6180000,0x00000000f6bf2b88,0x00000000ff600000)
  to   space 157696K, 0% used [0x00000000ec200000,0x00000000ec200000,0x00000000f5c00000)
 ParOldGen       total 375808K, used 205924K [0x0000000080000000, 0x0000000096f00000, 0x00000000d5580000)
  object space 375808K, 54% used [0x0000000080000000,0x000000008c919298,0x0000000096f00000)
 Metaspace       used 417009K, capacity 428534K, committed 429464K, reserved 1425408K
  class space    used 50886K, capacity 52796K, committed 52912K, reserved 1048576K
}
Event: 19385.327 GC heap before
{Heap before GC invocations=83 (full 6):
 PSYoungGen      total 525312K, used 383946K [0x00000000d5580000, 0x00000000ff600000, 0x0000000100000000)
  eden space 373248K, 100% used [0x00000000d5580000,0x00000000ec200000,0x00000000ec200000)
  from space 152064K, 7% used [0x00000000f6180000,0x00000000f6bf2b88,0x00000000ff600000)
  to   space 157696K, 0% used [0x00000000ec200000,0x00000000ec200000,0x00000000f5c00000)
 ParOldGen       total 375808K, used 205924K [0x0000000080000000, 0x0000000096f00000, 0x00000000d5580000)
  object space 375808K, 54% used [0x0000000080000000,0x000000008c919298,0x0000000096f00000)
 Metaspace       used 417032K, capacity 428538K, committed 429464K, reserved 1425408K
  class space    used 50886K, capacity 52796K, committed 52912K, reserved 1048576K
Event: 19385.345 GC heap after
Heap after GC invocations=83 (full 6):
 PSYoungGen      total 530944K, used 6751K [0x00000000d5580000, 0x00000000ffc80000, 0x0000000100000000)
  eden space 373248K, 0% used [0x00000000d5580000,0x00000000d5580000,0x00000000ec200000)
  from space 157696K, 4% used [0x00000000ec200000,0x00000000ec897cb0,0x00000000f5c00000)
  to   space 153088K, 0% used [0x00000000f6700000,0x00000000f6700000,0x00000000ffc80000)
 ParOldGen       total 375808K, used 207869K [0x0000000080000000, 0x0000000096f00000, 0x00000000d5580000)
  object space 375808K, 55% used [0x0000000080000000,0x000000008caff608,0x0000000096f00000)
 Metaspace       used 417032K, capacity 428538K, committed 429464K, reserved 1425408K
  class space    used 50886K, capacity 52796K, committed 52912K, reserved 1048576K
}
Event: 19386.478 GC heap before
{Heap before GC invocations=84 (full 6):
 PSYoungGen      total 530944K, used 205510K [0x00000000d5580000, 0x00000000ffc80000, 0x0000000100000000)
  eden space 373248K, 53% used [0x00000000d5580000,0x00000000e1799bf0,0x00000000ec200000)
  from space 157696K, 4% used [0x00000000ec200000,0x00000000ec897cb0,0x00000000f5c00000)
  to   space 153088K, 0% used [0x00000000f6700000,0x00000000f6700000,0x00000000ffc80000)
 ParOldGen       total 375808K, used 207869K [0x0000000080000000, 0x0000000096f00000, 0x00000000d5580000)
  object space 375808K, 55% used [0x0000000080000000,0x000000008caff608,0x0000000096f00000)
 Metaspace       used 420009K, capacity 431526K, committed 432256K, reserved 1429504K
  class space    used 51172K, capacity 53092K, committed 53168K, reserved 1048576K
Event: 19386.500 GC heap after
Heap after GC invocations=84 (full 6):
 PSYoungGen      total 524800K, used 20621K [0x00000000d5580000, 0x00000000fec80000, 0x0000000100000000)
  eden space 388096K, 0% used [0x00000000d5580000,0x00000000d5580000,0x00000000ed080000)
  from space 136704K, 15% used [0x00000000f6700000,0x00000000f7b23670,0x00000000fec80000)
  to   space 145408K, 0% used [0x00000000ed080000,0x00000000ed080000,0x00000000f5e80000)
 ParOldGen       total 375808K, used 212617K [0x0000000080000000, 0x0000000096f00000, 0x00000000d5580000)
  object space 375808K, 56% used [0x0000000080000000,0x000000008cfa2418,0x0000000096f00000)
 Metaspace       used 420009K, capacity 431526K, committed 432256K, reserved 1429504K
  class space    used 51172K, capacity 53092K, committed 53168K, reserved 1048576K
}
Event: 19386.509 GC heap before
{Heap before GC invocations=85 (full 7):
 PSYoungGen      total 524800K, used 20621K [0x00000000d5580000, 0x00000000fec80000, 0x0000000100000000)
  eden space 388096K, 0% used [0x00000000d5580000,0x00000000d5580000,0x00000000ed080000)
  from space 136704K, 15% used [0x00000000f6700000,0x00000000f7b23670,0x00000000fec80000)
  to   space 145408K, 0% used [0x00000000ed080000,0x00000000ed080000,0x00000000f5e80000)
 ParOldGen       total 375808K, used 212617K [0x0000000080000000, 0x0000000096f00000, 0x00000000d5580000)
  object space 375808K, 56% used [0x0000000080000000,0x000000008cfa2418,0x0000000096f00000)
 Metaspace       used 420009K, capacity 431526K, committed 432256K, reserved 1429504K
  class space    used 51172K, capacity 53092K, committed 53168K, reserved 1048576K

