# JRE version: OpenJDK Runtime Environment (8.0_242-b01) (build 1.8.0_242-release-1644-b01)
# Java VM: OpenJDK 64-Bit Server VM (25.242-b01 mixed mode windows-amd64 compressed oops)
Heap:
 PSYoungGen      total 551936K, used 441670K [0x00000000d5580000, 0x00000000ff200000, 0x0000000100000000)
  eden space 439808K, 98% used [0x00000000d5580000,0x00000000efd1ac80,0x00000000f0300000)
  from space 112128K, 7% used [0x00000000f8480000,0x00000000f8c36ef0,0x00000000ff200000)
  to   space 122368K, 0% used [0x00000000f0300000,0x00000000f0300000,0x00000000f7a80000)
 ParOldGen       total 645120K, used 512078K [0x0000000080000000, 0x00000000a7600000, 0x00000000d5580000)
  object space 645120K, 79% used [0x0000000080000000,0x000000009f413bb8,0x00000000a7600000)
 Metaspace       used 506422K, capacity 520174K, committed 520728K, reserved 1505280K
  class space    used 61564K, capacity 63946K, committed 64048K, reserved 1048576K
GC Heap History (10 events):
Event: 16447.382 GC heap before
{Heap before GC invocations=176 (full 12):
 PSYoungGen      total 587264K, used 484257K [0x00000000d5580000, 0x0000000100000000, 0x0000000100000000)
  eden space 475648K, 100% used [0x00000000d5580000,0x00000000f2600000,0x00000000f2600000)
  from space 111616K, 7% used [0x00000000f2600000,0x00000000f2e68700,0x00000000f9300000)
  to   space 108544K, 0% used [0x00000000f9600000,0x00000000f9600000,0x0000000100000000)
 ParOldGen       total 645120K, used 402392K [0x0000000080000000, 0x00000000a7600000, 0x00000000d5580000)
  object space 645120K, 62% used [0x0000000080000000,0x00000000988f61e0,0x00000000a7600000)
 Metaspace       used 484290K, capacity 497734K, committed 498072K, reserved 1486848K
  class space    used 58897K, capacity 61258K, committed 61360K, reserved 1048576K
Event: 16447.396 GC heap after
Heap after GC invocations=176 (full 12):
 PSYoungGen      total 577024K, used 9824K [0x00000000d5580000, 0x00000000ff600000, 0x0000000100000000)
  eden space 478720K, 0% used [0x00000000d5580000,0x00000000d5580000,0x00000000f2900000)
  from space 98304K, 9% used [0x00000000f9600000,0x00000000f9f98000,0x00000000ff600000)
  to   space 104960K, 0% used [0x00000000f2900000,0x00000000f2900000,0x00000000f8f80000)
 ParOldGen       total 645120K, used 404200K [0x0000000080000000, 0x00000000a7600000, 0x00000000d5580000)
  object space 645120K, 62% used [0x0000000080000000,0x0000000098aba0e0,0x00000000a7600000)
 Metaspace       used 484290K, capacity 497734K, committed 498072K, reserved 1486848K
  class space    used 58897K, capacity 61258K, committed 61360K, reserved 1048576K
}
Event: 18523.981 GC heap before
{Heap before GC invocations=177 (full 12):
 PSYoungGen      total 577024K, used 488544K [0x00000000d5580000, 0x00000000ff600000, 0x0000000100000000)
  eden space 478720K, 100% used [0x00000000d5580000,0x00000000f2900000,0x00000000f2900000)
  from space 98304K, 9% used [0x00000000f9600000,0x00000000f9f98000,0x00000000ff600000)
  to   space 104960K, 0% used [0x00000000f2900000,0x00000000f2900000,0x00000000f8f80000)
 ParOldGen       total 645120K, used 404200K [0x0000000080000000, 0x00000000a7600000, 0x00000000d5580000)
  object space 645120K, 62% used [0x0000000080000000,0x0000000098aba0e0,0x00000000a7600000)
 Metaspace       used 495332K, capacity 508896K, committed 509336K, reserved 1497088K
  class space    used 60231K, capacity 62603K, committed 62640K, reserved 1048576K
Event: 18524.169 GC heap after
Heap after GC invocations=177 (full 12):
 PSYoungGen      total 583680K, used 104957K [0x00000000d5580000, 0x0000000100000000, 0x0000000100000000)
  eden space 478720K, 0% used [0x00000000d5580000,0x00000000d5580000,0x00000000f2900000)
  from space 104960K, 99% used [0x00000000f2900000,0x00000000f8f7f528,0x00000000f8f80000)
  to   space 115200K, 0% used [0x00000000f8f80000,0x00000000f8f80000,0x0000000100000000)
 ParOldGen       total 645120K, used 437015K [0x0000000080000000, 0x00000000a7600000, 0x00000000d5580000)
  object space 645120K, 67% used [0x0000000080000000,0x000000009aac5ca8,0x00000000a7600000)
 Metaspace       used 495332K, capacity 508896K, committed 509336K, reserved 1497088K
  class space    used 60231K, capacity 62603K, committed 62640K, reserved 1048576K
}
Event: 22341.120 GC heap before
{Heap before GC invocations=178 (full 12):
 PSYoungGen      total 583680K, used 583677K [0x00000000d5580000, 0x0000000100000000, 0x0000000100000000)
  eden space 478720K, 100% used [0x00000000d5580000,0x00000000f2900000,0x00000000f2900000)
  from space 104960K, 99% used [0x00000000f2900000,0x00000000f8f7f528,0x00000000f8f80000)
  to   space 115200K, 0% used [0x00000000f8f80000,0x00000000f8f80000,0x0000000100000000)
 ParOldGen       total 645120K, used 437015K [0x0000000080000000, 0x00000000a7600000, 0x00000000d5580000)
  object space 645120K, 67% used [0x0000000080000000,0x000000009aac5ca8,0x00000000a7600000)
 Metaspace       used 495355K, capacity 508960K, committed 509336K, reserved 1497088K
  class space    used 60232K, capacity 62603K, committed 62640K, reserved 1048576K
Event: 22341.370 GC heap after
Heap after GC invocations=178 (full 12):
 PSYoungGen      total 548864K, used 11796K [0x00000000d5580000, 0x0000000100000000, 0x0000000100000000)
  eden space 433664K, 0% used [0x00000000d5580000,0x00000000d5580000,0x00000000efd00000)
  from space 115200K, 10% used [0x00000000f8f80000,0x00000000f9b05180,0x0000000100000000)
  to   space 132608K, 0% used [0x00000000efd00000,0x00000000efd00000,0x00000000f7e80000)
 ParOldGen       total 645120K, used 499485K [0x0000000080000000, 0x00000000a7600000, 0x00000000d5580000)
  object space 645120K, 77% used [0x0000000080000000,0x000000009e7c75a0,0x00000000a7600000)
 Metaspace       used 495355K, capacity 508960K, committed 509336K, reserved 1497088K
  class space    used 60232K, capacity 62603K, committed 62640K, reserved 1048576K
}
Event: 22344.792 GC heap before
{Heap before GC invocations=179 (full 12):
 PSYoungGen      total 548864K, used 445460K [0x00000000d5580000, 0x0000000100000000, 0x0000000100000000)
  eden space 433664K, 100% used [0x00000000d5580000,0x00000000efd00000,0x00000000efd00000)
  from space 115200K, 10% used [0x00000000f8f80000,0x00000000f9b05180,0x0000000100000000)
  to   space 132608K, 0% used [0x00000000efd00000,0x00000000efd00000,0x00000000f7e80000)
 ParOldGen       total 645120K, used 499485K [0x0000000080000000, 0x00000000a7600000, 0x00000000d5580000)
  object space 645120K, 77% used [0x0000000080000000,0x000000009e7c75a0,0x00000000a7600000)
 Metaspace       used 506396K, capacity 520110K, committed 520472K, reserved 1505280K
  class space    used 61563K, capacity 63946K, committed 64048K, reserved 1048576K
Event: 22344.828 GC heap after
Heap after GC invocations=179 (full 12):
 PSYoungGen      total 566272K, used 20669K [0x00000000d5580000, 0x0000000100000000, 0x0000000100000000)
  eden space 433664K, 0% used [0x00000000d5580000,0x00000000d5580000,0x00000000efd00000)
  from space 132608K, 15% used [0x00000000efd00000,0x00000000f112f5c0,0x00000000f7e80000)
  to   space 126464K, 0% used [0x00000000f8480000,0x00000000f8480000,0x0000000100000000)
 ParOldGen       total 645120K, used 509142K [0x0000000080000000, 0x00000000a7600000, 0x00000000d5580000)
  object space 645120K, 78% used [0x0000000080000000,0x000000009f135850,0x00000000a7600000)
 Metaspace       used 506396K, capacity 520110K, committed 520472K, reserved 1505280K
  class space    used 61563K, capacity 63946K, committed 64048K, reserved 1048576K
}
Event: 22536.816 GC heap before
{Heap before GC invocations=180 (full 12):
 PSYoungGen      total 566272K, used 454333K [0x00000000d5580000, 0x0000000100000000, 0x0000000100000000)
  eden space 433664K, 100% used [0x00000000d5580000,0x00000000efd00000,0x00000000efd00000)
  from space 132608K, 15% used [0x00000000efd00000,0x00000000f112f5c0,0x00000000f7e80000)
  to   space 126464K, 0% used [0x00000000f8480000,0x00000000f8480000,0x0000000100000000)
 ParOldGen       total 645120K, used 509142K [0x0000000080000000, 0x00000000a7600000, 0x00000000d5580000)
  object space 645120K, 78% used [0x0000000080000000,0x000000009f135850,0x00000000a7600000)
 Metaspace       used 506422K, capacity 520174K, committed 520728K, reserved 1505280K
  class space    used 61564K, capacity 63946K, committed 64048K, reserved 1048576K
Event: 22536.846 GC heap after
Heap after GC invocations=180 (full 12):
 PSYoungGen      total 551936K, used 7899K [0x00000000d5580000, 0x00000000ff200000, 0x0000000100000000)
  eden space 439808K, 0% used [0x00000000d5580000,0x00000000d5580000,0x00000000f0300000)
  from space 112128K, 7% used [0x00000000f8480000,0x00000000f8c36ef0,0x00000000ff200000)
  to   space 122368K, 0% used [0x00000000f0300000,0x00000000f0300000,0x00000000f7a80000)
 ParOldGen       total 645120K, used 512078K [0x0000000080000000, 0x00000000a7600000, 0x00000000d5580000)
  object space 645120K, 79% used [0x0000000080000000,0x000000009f413bb8,0x00000000a7600000)
 Metaspace       used 506422K, capacity 520174K, committed 520728K, reserved 1505280K
  class space    used 61564K, capacity 63946K, committed 64048K, reserved 1048576K
}

